<?xml version="1.0" encoding="UTF-8"?>
<testsuite xmlns:xsi="http://www.w3.org/2001/XMLSchema-instance" xsi:noNamespaceSchemaLocation="https://maven.apache.org/surefire/maven-surefire-plugin/xsd/surefire-test-report-3.0.xsd" version="3.0" name="com.ney.anti_skull.config.ConfigManagerTest" time="2.138" tests="4" errors="0" skipped="0" failures="0">
  <properties>
    <property name="java.specification.version" value="16"/>
    <property name="sun.cpu.isalist" value="amd64"/>
    <property name="sun.jnu.encoding" value="Cp1251"/>
    <property name="java.class.path" value="C:\Users\Ney\IdeaProjects\NeyAntiSkull\target\test-classes;C:\Users\Ney\IdeaProjects\NeyAntiSkull\target\classes;C:\Users\Ney\.m2\repository\org\junit\jupiter\junit-jupiter\5.13.3\junit-jupiter-5.13.3.jar;C:\Users\Ney\.m2\repository\org\junit\jupiter\junit-jupiter-api\5.13.3\junit-jupiter-api-5.13.3.jar;C:\Users\Ney\.m2\repository\org\opentest4j\opentest4j\1.3.0\opentest4j-1.3.0.jar;C:\Users\Ney\.m2\repository\org\junit\platform\junit-platform-commons\1.13.3\junit-platform-commons-1.13.3.jar;C:\Users\Ney\.m2\repository\org\apiguardian\apiguardian-api\1.1.2\apiguardian-api-1.1.2.jar;C:\Users\Ney\.m2\repository\org\junit\jupiter\junit-jupiter-params\5.13.3\junit-jupiter-params-5.13.3.jar;C:\Users\Ney\.m2\repository\org\junit\jupiter\junit-jupiter-engine\5.13.3\junit-jupiter-engine-5.13.3.jar;C:\Users\Ney\.m2\repository\org\junit\platform\junit-platform-engine\1.13.3\junit-platform-engine-1.13.3.jar;C:\Users\Ney\.m2\repository\org\mockito\mockito-core\5.18.0\mockito-core-5.18.0.jar;C:\Users\Ney\.m2\repository\net\bytebuddy\byte-buddy\1.17.5\byte-buddy-1.17.5.jar;C:\Users\Ney\.m2\repository\net\bytebuddy\byte-buddy-agent\1.17.5\byte-buddy-agent-1.17.5.jar;C:\Users\Ney\.m2\repository\org\objenesis\objenesis\3.3\objenesis-3.3.jar;C:\Users\Ney\.m2\repository\org\assertj\assertj-core\3.27.3\assertj-core-3.27.3.jar;C:\Users\Ney\.m2\repository\com\destroystokyo\paper\paper-api\1.16.5-R0.1-SNAPSHOT\paper-api-1.16.5-R0.1-SNAPSHOT.jar;C:\Users\Ney\.m2\repository\net\kyori\adventure-api\4.7.0\adventure-api-4.7.0.jar;C:\Users\Ney\.m2\repository\net\kyori\adventure-key\4.7.0\adventure-key-4.7.0.jar;C:\Users\Ney\.m2\repository\net\kyori\examination-api\1.1.0\examination-api-1.1.0.jar;C:\Users\Ney\.m2\repository\net\kyori\examination-string\1.1.0\examination-string-1.1.0.jar;C:\Users\Ney\.m2\repository\org\checkerframework\checker-qual\3.11.0\checker-qual-3.11.0.jar;C:\Users\Ney\.m2\repository\org\jetbrains\annotations\20.1.0\annotations-20.1.0.jar;C:\Users\Ney\.m2\repository\net\kyori\adventure-text-serializer-gson\4.7.0\adventure-text-serializer-gson-4.7.0.jar;C:\Users\Ney\.m2\repository\net\kyori\adventure-text-serializer-legacy\4.7.0\adventure-text-serializer-legacy-4.7.0.jar;C:\Users\Ney\.m2\repository\net\kyori\adventure-text-serializer-plain\4.7.0\adventure-text-serializer-plain-4.7.0.jar;C:\Users\Ney\.m2\repository\commons-lang\commons-lang\2.6\commons-lang-2.6.jar;C:\Users\Ney\.m2\repository\com\google\code\findbugs\jsr305\1.3.9\jsr305-1.3.9.jar;C:\Users\Ney\.m2\repository\com\googlecode\json-simple\json-simple\1.1.1\json-simple-1.1.1.jar;C:\Users\Ney\.m2\repository\junit\junit\4.10\junit-4.10.jar;C:\Users\Ney\.m2\repository\org\hamcrest\hamcrest-core\1.1\hamcrest-core-1.1.jar;C:\Users\Ney\.m2\repository\com\google\guava\guava\21.0\guava-21.0.jar;C:\Users\Ney\.m2\repository\com\google\code\gson\gson\2.8.0\gson-2.8.0.jar;C:\Users\Ney\.m2\repository\net\md-5\bungeecord-chat\1.16-R0.4\bungeecord-chat-1.16-R0.4.jar;C:\Users\Ney\.m2\repository\org\yaml\snakeyaml\1.27\snakeyaml-1.27.jar;C:\Users\Ney\.m2\repository\org\slf4j\slf4j-api\1.7.25\slf4j-api-1.7.25.jar;C:\Users\Ney\.m2\repository\org\ow2\asm\asm\9.0\asm-9.0.jar;C:\Users\Ney\.m2\repository\org\ow2\asm\asm-commons\9.0\asm-commons-9.0.jar;C:\Users\Ney\.m2\repository\org\ow2\asm\asm-tree\9.0\asm-tree-9.0.jar;C:\Users\Ney\.m2\repository\org\ow2\asm\asm-analysis\9.0\asm-analysis-9.0.jar;"/>
    <property name="java.vm.vendor" value="Eclipse Foundation"/>
    <property name="sun.arch.data.model" value="64"/>
    <property name="user.variant" value=""/>
    <property name="java.vendor.url" value="https://adoptium.net/"/>
    <property name="user.timezone" value="Europe/Moscow"/>
    <property name="os.name" value="Windows 10"/>
    <property name="java.vm.specification.version" value="16"/>
    <property name="sun.java.launcher" value="SUN_STANDARD"/>
    <property name="user.country" value="RU"/>
    <property name="sun.boot.library.path" value="C:\Users\Ney\.gradle\jdks\jdk-16.0.2+7\bin"/>
    <property name="sun.java.command" value="C:\Temp\surefire9738190561292696363\surefirebooter-20250709145027056_3.jar C:\Temp\surefire9738190561292696363 2025-07-09T14-50-26_707-jvmRun1 surefire-20250709145027056_1tmp surefire_0-20250709145027056_2tmp"/>
    <property name="jdk.debug" value="release"/>
    <property name="surefire.test.class.path" value="C:\Users\Ney\IdeaProjects\NeyAntiSkull\target\test-classes;C:\Users\Ney\IdeaProjects\NeyAntiSkull\target\classes;C:\Users\Ney\.m2\repository\org\junit\jupiter\junit-jupiter\5.13.3\junit-jupiter-5.13.3.jar;C:\Users\Ney\.m2\repository\org\junit\jupiter\junit-jupiter-api\5.13.3\junit-jupiter-api-5.13.3.jar;C:\Users\Ney\.m2\repository\org\opentest4j\opentest4j\1.3.0\opentest4j-1.3.0.jar;C:\Users\Ney\.m2\repository\org\junit\platform\junit-platform-commons\1.13.3\junit-platform-commons-1.13.3.jar;C:\Users\Ney\.m2\repository\org\apiguardian\apiguardian-api\1.1.2\apiguardian-api-1.1.2.jar;C:\Users\Ney\.m2\repository\org\junit\jupiter\junit-jupiter-params\5.13.3\junit-jupiter-params-5.13.3.jar;C:\Users\Ney\.m2\repository\org\junit\jupiter\junit-jupiter-engine\5.13.3\junit-jupiter-engine-5.13.3.jar;C:\Users\Ney\.m2\repository\org\junit\platform\junit-platform-engine\1.13.3\junit-platform-engine-1.13.3.jar;C:\Users\Ney\.m2\repository\org\mockito\mockito-core\5.18.0\mockito-core-5.18.0.jar;C:\Users\Ney\.m2\repository\net\bytebuddy\byte-buddy\1.17.5\byte-buddy-1.17.5.jar;C:\Users\Ney\.m2\repository\net\bytebuddy\byte-buddy-agent\1.17.5\byte-buddy-agent-1.17.5.jar;C:\Users\Ney\.m2\repository\org\objenesis\objenesis\3.3\objenesis-3.3.jar;C:\Users\Ney\.m2\repository\org\assertj\assertj-core\3.27.3\assertj-core-3.27.3.jar;C:\Users\Ney\.m2\repository\com\destroystokyo\paper\paper-api\1.16.5-R0.1-SNAPSHOT\paper-api-1.16.5-R0.1-SNAPSHOT.jar;C:\Users\Ney\.m2\repository\net\kyori\adventure-api\4.7.0\adventure-api-4.7.0.jar;C:\Users\Ney\.m2\repository\net\kyori\adventure-key\4.7.0\adventure-key-4.7.0.jar;C:\Users\Ney\.m2\repository\net\kyori\examination-api\1.1.0\examination-api-1.1.0.jar;C:\Users\Ney\.m2\repository\net\kyori\examination-string\1.1.0\examination-string-1.1.0.jar;C:\Users\Ney\.m2\repository\org\checkerframework\checker-qual\3.11.0\checker-qual-3.11.0.jar;C:\Users\Ney\.m2\repository\org\jetbrains\annotations\20.1.0\annotations-20.1.0.jar;C:\Users\Ney\.m2\repository\net\kyori\adventure-text-serializer-gson\4.7.0\adventure-text-serializer-gson-4.7.0.jar;C:\Users\Ney\.m2\repository\net\kyori\adventure-text-serializer-legacy\4.7.0\adventure-text-serializer-legacy-4.7.0.jar;C:\Users\Ney\.m2\repository\net\kyori\adventure-text-serializer-plain\4.7.0\adventure-text-serializer-plain-4.7.0.jar;C:\Users\Ney\.m2\repository\commons-lang\commons-lang\2.6\commons-lang-2.6.jar;C:\Users\Ney\.m2\repository\com\google\code\findbugs\jsr305\1.3.9\jsr305-1.3.9.jar;C:\Users\Ney\.m2\repository\com\googlecode\json-simple\json-simple\1.1.1\json-simple-1.1.1.jar;C:\Users\Ney\.m2\repository\junit\junit\4.10\junit-4.10.jar;C:\Users\Ney\.m2\repository\org\hamcrest\hamcrest-core\1.1\hamcrest-core-1.1.jar;C:\Users\Ney\.m2\repository\com\google\guava\guava\21.0\guava-21.0.jar;C:\Users\Ney\.m2\repository\com\google\code\gson\gson\2.8.0\gson-2.8.0.jar;C:\Users\Ney\.m2\repository\net\md-5\bungeecord-chat\1.16-R0.4\bungeecord-chat-1.16-R0.4.jar;C:\Users\Ney\.m2\repository\org\yaml\snakeyaml\1.27\snakeyaml-1.27.jar;C:\Users\Ney\.m2\repository\org\slf4j\slf4j-api\1.7.25\slf4j-api-1.7.25.jar;C:\Users\Ney\.m2\repository\org\ow2\asm\asm\9.0\asm-9.0.jar;C:\Users\Ney\.m2\repository\org\ow2\asm\asm-commons\9.0\asm-commons-9.0.jar;C:\Users\Ney\.m2\repository\org\ow2\asm\asm-tree\9.0\asm-tree-9.0.jar;C:\Users\Ney\.m2\repository\org\ow2\asm\asm-analysis\9.0\asm-analysis-9.0.jar;"/>
    <property name="sun.cpu.endian" value="little"/>
    <property name="user.home" value="C:\Users\Ney"/>
    <property name="user.language" value="ru"/>
    <property name="java.specification.vendor" value="Oracle Corporation"/>
    <property name="java.version.date" value="2021-07-20"/>
    <property name="java.home" value="C:\Users\Ney\.gradle\jdks\jdk-16.0.2+7"/>
    <property name="file.separator" value="\"/>
    <property name="basedir" value="C:\Users\Ney\IdeaProjects\NeyAntiSkull"/>
    <property name="java.vm.compressedOopsMode" value="Zero based"/>
    <property name="line.separator" value="&#10;"/>
    <property name="java.vm.specification.vendor" value="Oracle Corporation"/>
    <property name="java.specification.name" value="Java Platform API Specification"/>
    <property name="surefire.real.class.path" value="C:\Temp\surefire9738190561292696363\surefirebooter-20250709145027056_3.jar"/>
    <property name="user.script" value=""/>
    <property name="sun.management.compiler" value="HotSpot 64-Bit Tiered Compilers"/>
    <property name="java.runtime.version" value="16.0.2+7"/>
    <property name="user.name" value="Ney"/>
    <property name="path.separator" value=";"/>
    <property name="os.version" value="10.0"/>
    <property name="java.runtime.name" value="OpenJDK Runtime Environment"/>
    <property name="file.encoding" value="Cp1251"/>
    <property name="java.vm.name" value="OpenJDK 64-Bit Server VM"/>
    <property name="java.vendor.version" value="Temurin-16.0.2+7"/>
    <property name="localRepository" value="C:\Users\Ney\.m2\repository"/>
    <property name="java.vendor.url.bug" value="https://github.com/adoptium/adoptium-support/issues"/>
    <property name="java.io.tmpdir" value="C:\Temp\"/>
    <property name="idea.version" value="2024.3.5"/>
    <property name="java.version" value="16.0.2"/>
    <property name="user.dir" value="C:\Users\Ney\IdeaProjects\NeyAntiSkull"/>
    <property name="os.arch" value="amd64"/>
    <property name="java.vm.specification.name" value="Java Virtual Machine Specification"/>
    <property name="sun.os.patch.level" value=""/>
    <property name="java.library.path" value="C:\Users\Ney\.gradle\jdks\jdk-16.0.2+7\bin;C:\Windows\Sun\Java\bin;C:\Windows\system32;C:\Windows;C:\Program Files\Common Files\Oracle\Java\javapath;C:\Program Files (x86)\Common Files\Oracle\Java\java8path;C:\Program Files (x86)\Common Files\Oracle\Java\javapath;C:\ProgramData\Oracle\Java\javapath;C:\Windows\system32;C:\Windows;C:\Windows\System32\Wbem;C:\Windows\System32\WindowsPowerShell\v1.0\;C:\Program Files (x86)\NVIDIA Corporation\PhysX\Common;C:\Program Files (x86)\Common Files\Acronis\SnapAPI\;C:\Program Files\dotnet\;C:\Program Files\WorldPainter;C:\Program Files\PuTTY\;C:\ProgramData\chocolatey\bin;C:\Program Files\nodejs\;C:\Program Files\Git\cmd;C:\Users\Ney\AppData\Local\Programs\Python\Python312\Scripts\;C:\Users\Ney\AppData\Local\Programs\Python\Python312\;C:\Users\Ney\AppData\Local\Programs\Python\Launcher\;C:\Users\Ney\AppData\Local\Microsoft\WindowsApps;D:\IntelliJ IDEA Community Edition 2024.3.5\bin;;C:\Users\Ney\AppData\Local\Programs\Microsoft VS Code\bin;C:\Users\Ney\AppData\Local\GitHubDesktop\bin;C:\Program Files\JetBrains\IntelliJ IDEA 2025.1.1.1\bin;;C:\Program Files\JetBrains\PyCharm 2023.3.3\bin;;C:\Program Files\JetBrains\CLion 2023.3.4\bin;;C:\Program Files\JetBrains\WebStorm 2023.3.6\bin;;C:\Users\Ney\ffmpeg-2024-06-06-git-d55f5cba7b-full_build\bin;C:\Users\Ney\AppData\Roaming\npm;."/>
    <property name="java.vm.info" value="mixed mode, sharing"/>
    <property name="java.vendor" value="Eclipse Foundation"/>
    <property name="java.vm.version" value="16.0.2+7"/>
    <property name="sun.io.unicode.encoding" value="UnicodeLittle"/>
    <property name="java.class.version" value="60.0"/>
  </properties>
  <testcase name="isListEnabled_returnsTrue" classname="com.ney.anti_skull.config.ConfigManagerTest" time="2.031"/>
  <testcase name="areMessagesEnabled_returnsTrue" classname="com.ney.anti_skull.config.ConfigManagerTest" time="0.013"/>
  <testcase name="shouldRemoveSkull_returnsFalse" classname="com.ney.anti_skull.config.ConfigManagerTest" time="0.016"/>
  <testcase name="isSkullBlockingEnabled_returnsTrue" classname="com.ney.anti_skull.config.ConfigManagerTest" time="0.013"/>
</testsuite>